<?xml version="1.0" encoding="UTF-8"?>
<testsuite name="org.studyalone.repository.CommentRepositoryTest" tests="1" skipped="0" failures="0" errors="0" timestamp="2024-01-03T06:37:29" hostname="simjuheun-ui-MacBookAir.local" time="0.942">
  <properties/>
  <testcase name="특정 닉네임의 모든 댓글 조회" classname="org.studyalone.repository.CommentRepositoryTest" time="0.942"/>
  <system-out><![CDATA[15:37:19.245 [Test worker] INFO org.springframework.test.context.support.AnnotationConfigContextLoaderUtils -- Could not detect default configuration classes for test class [org.studyalone.repository.CommentRepositoryTest]: CommentRepositoryTest does not declare any static, non-private, non-final, nested classes annotated with @Configuration.
15:37:19.506 [Test worker] INFO org.springframework.boot.test.context.SpringBootTestContextBootstrapper -- Found @SpringBootConfiguration org.studyalone.FirstprojectApplication for test class org.studyalone.repository.CommentRepositoryTest

  .   ____          _            __ _ _
 /\\ / ___'_ __ _ _(_)_ __  __ _ \ \ \ \
( ( )\___ | '_ | '_| | '_ \/ _` | \ \ \ \
 \\/  ___)| |_)| | | | | || (_| |  ) ) ) )
  '  |____| .__|_| |_|_| |_\__, | / / / /
 =========|_|==============|___/=/_/_/_/
 :: Spring Boot ::                (v3.1.0)

2024-01-03T15:37:20.787+09:00  INFO 4187 --- [    Test worker] o.s.repository.CommentRepositoryTest     : Starting CommentRepositoryTest using Java 17.0.6 with PID 4187 (started by simjuheun in /Users/simjuheun/Desktop/springboot3-2/springboot3.2)
2024-01-03T15:37:20.790+09:00  INFO 4187 --- [    Test worker] o.s.repository.CommentRepositoryTest     : No active profile set, falling back to 1 default profile: "default"
2024-01-03T15:37:22.369+09:00  INFO 4187 --- [    Test worker] .s.d.r.c.RepositoryConfigurationDelegate : Bootstrapping Spring Data JPA repositories in DEFAULT mode.
2024-01-03T15:37:22.597+09:00  INFO 4187 --- [    Test worker] .s.d.r.c.RepositoryConfigurationDelegate : Finished Spring Data repository scanning in 204 ms. Found 3 JPA repository interfaces.
2024-01-03T15:37:22.886+09:00  INFO 4187 --- [    Test worker] beddedDataSourceBeanFactoryPostProcessor : Replacing 'dataSource' DataSource bean with embedded version
2024-01-03T15:37:23.510+09:00  INFO 4187 --- [    Test worker] o.s.j.d.e.EmbeddedDatabaseFactory        : Starting embedded database: url='jdbc:h2:mem:51f031bd-40be-4a8f-877c-8c060dc2de3f;DB_CLOSE_DELAY=-1;DB_CLOSE_ON_EXIT=false', username='sa'
2024-01-03T15:37:24.702+09:00  INFO 4187 --- [    Test worker] o.hibernate.jpa.internal.util.LogHelper  : HHH000204: Processing PersistenceUnitInfo [name: default]
2024-01-03T15:37:24.841+09:00  INFO 4187 --- [    Test worker] org.hibernate.Version                    : HHH000412: Hibernate ORM core version 6.2.2.Final
2024-01-03T15:37:24.846+09:00  INFO 4187 --- [    Test worker] org.hibernate.cfg.Environment            : HHH000406: Using bytecode reflection optimizer
2024-01-03T15:37:26.441+09:00  INFO 4187 --- [    Test worker] o.h.b.i.BytecodeProviderInitiator        : HHH000021: Bytecode provider name : bytebuddy
2024-01-03T15:37:26.671+09:00  INFO 4187 --- [    Test worker] o.s.o.j.p.SpringPersistenceUnitInfo      : No LoadTimeWeaver setup: ignoring JPA class transformer
2024-01-03T15:37:26.765+09:00  INFO 4187 --- [    Test worker] org.hibernate.orm.dialect                : HHH035001: Using dialect: org.hibernate.dialect.H2Dialect, version: 2.1.214
2024-01-03T15:37:27.192+09:00  INFO 4187 --- [    Test worker] o.h.b.i.BytecodeProviderInitiator        : HHH000021: Bytecode provider name : bytebuddy
2024-01-03T15:37:28.241+09:00  INFO 4187 --- [    Test worker] o.h.e.t.j.p.i.JtaPlatformInitiator       : HHH000490: Using JtaPlatform implementation: [org.hibernate.engine.transaction.jta.platform.internal.NoJtaPlatform]
2024-01-03T15:37:28.282+09:00 DEBUG 4187 --- [    Test worker] org.hibernate.SQL                        : 
    drop table if exists article cascade 
Hibernate: 
    drop table if exists article cascade 
2024-01-03T15:37:28.293+09:00 DEBUG 4187 --- [    Test worker] org.hibernate.SQL                        : 
    drop table if exists comment cascade 
Hibernate: 
    drop table if exists comment cascade 
2024-01-03T15:37:28.295+09:00 DEBUG 4187 --- [    Test worker] org.hibernate.SQL                        : 
    drop table if exists count cascade 
Hibernate: 
    drop table if exists count cascade 
2024-01-03T15:37:28.303+09:00 DEBUG 4187 --- [    Test worker] org.hibernate.SQL                        : 
    create table article (
        id bigint generated by default as identity,
        content varchar(255),
        title varchar(255),
        primary key (id)
    )
Hibernate: 
    create table article (
        id bigint generated by default as identity,
        content varchar(255),
        title varchar(255),
        primary key (id)
    )
2024-01-03T15:37:28.326+09:00 DEBUG 4187 --- [    Test worker] org.hibernate.SQL                        : 
    create table comment (
        article_id bigint,
        id bigint generated by default as identity,
        body varchar(255),
        nickname varchar(255),
        primary key (id)
    )
Hibernate: 
    create table comment (
        article_id bigint,
        id bigint generated by default as identity,
        body varchar(255),
        nickname varchar(255),
        primary key (id)
    )
2024-01-03T15:37:28.334+09:00 DEBUG 4187 --- [    Test worker] org.hibernate.SQL                        : 
    create table count (
        num integer not null,
        id bigint generated by default as identity,
        primary key (id)
    )
Hibernate: 
    create table count (
        num integer not null,
        id bigint generated by default as identity,
        primary key (id)
    )
2024-01-03T15:37:28.339+09:00 DEBUG 4187 --- [    Test worker] org.hibernate.SQL                        : 
    alter table if exists comment 
       add constraint FK5yx0uphgjc6ik6hb82kkw501y 
       foreign key (article_id) 
       references article
Hibernate: 
    alter table if exists comment 
       add constraint FK5yx0uphgjc6ik6hb82kkw501y 
       foreign key (article_id) 
       references article
2024-01-03T15:37:28.373+09:00  INFO 4187 --- [    Test worker] o.h.t.s.i.e.GenerationTargetToDatabase   : HHH000476: Executing script '[injected ScriptSourceInputNonExistentImpl script]'
2024-01-03T15:37:28.380+09:00  INFO 4187 --- [    Test worker] j.LocalContainerEntityManagerFactoryBean : Initialized JPA EntityManagerFactory for persistence unit 'default'
2024-01-03T15:37:28.971+09:00  INFO 4187 --- [    Test worker] o.s.d.j.r.query.QueryEnhancerFactory     : Hibernate is in classpath; If applicable, HQL parser will be used.
2024-01-03T15:37:29.337+09:00  INFO 4187 --- [    Test worker] o.s.repository.CommentRepositoryTest     : Started CommentRepositoryTest in 9.699 seconds (process running for 12.038)
2024-01-03T15:37:30.156+09:00 DEBUG 4187 --- [    Test worker] org.hibernate.SQL                        : 
    SELECT
        * 
    FROM
        comment 
    WHERE
        nickname = ?                      
Hibernate: 
    SELECT
        * 
    FROM
        comment 
    WHERE
        nickname = ?                      
2024-01-03T15:37:30.221+09:00 DEBUG 4187 --- [    Test worker] org.hibernate.SQL                        : 
    select
        a1_0.id,
        a1_0.content,
        a1_0.title 
    from
        article a1_0 
    where
        a1_0.id=?
Hibernate: 
    select
        a1_0.id,
        a1_0.content,
        a1_0.title 
    from
        article a1_0 
    where
        a1_0.id=?
2024-01-03T15:37:30.250+09:00 DEBUG 4187 --- [    Test worker] org.hibernate.SQL                        : 
    select
        a1_0.id,
        a1_0.content,
        a1_0.title 
    from
        article a1_0 
    where
        a1_0.id=?
Hibernate: 
    select
        a1_0.id,
        a1_0.content,
        a1_0.title 
    from
        article a1_0 
    where
        a1_0.id=?
2024-01-03T15:37:30.253+09:00 DEBUG 4187 --- [    Test worker] org.hibernate.SQL                        : 
    select
        a1_0.id,
        a1_0.content,
        a1_0.title 
    from
        article a1_0 
    where
        a1_0.id=?
Hibernate: 
    select
        a1_0.id,
        a1_0.content,
        a1_0.title 
    from
        article a1_0 
    where
        a1_0.id=?
]]></system-out>
  <system-err><![CDATA[]]></system-err>
</testsuite>
