<?xml version="1.0" encoding="UTF-8"?>
<testsuite name="org.studyalone.service.ArticleServiceTest" tests="5" skipped="0" failures="0" errors="0" timestamp="2024-01-01T13:39:19" hostname="simjuheun-ui-MacBookAir.local" time="1.249">
  <properties/>
  <testcase name="show_실패_존재하지않는_id_입력()" classname="org.studyalone.service.ArticleServiceTest" time="0.998"/>
  <testcase name="index()" classname="org.studyalone.service.ArticleServiceTest" time="0.16"/>
  <testcase name="show_성공_존재하는_id_입력()" classname="org.studyalone.service.ArticleServiceTest" time="0.008"/>
  <testcase name="create_성공()" classname="org.studyalone.service.ArticleServiceTest" time="0.068"/>
  <testcase name="create_실패()" classname="org.studyalone.service.ArticleServiceTest" time="0.006"/>
  <system-out><![CDATA[22:39:11.290 [Test worker] INFO org.springframework.test.context.support.AnnotationConfigContextLoaderUtils -- Could not detect default configuration classes for test class [org.studyalone.service.ArticleServiceTest]: ArticleServiceTest does not declare any static, non-private, non-final, nested classes annotated with @Configuration.
22:39:11.626 [Test worker] INFO org.springframework.boot.test.context.SpringBootTestContextBootstrapper -- Found @SpringBootConfiguration org.studyalone.FirstprojectApplication for test class org.studyalone.service.ArticleServiceTest

  .   ____          _            __ _ _
 /\\ / ___'_ __ _ _(_)_ __  __ _ \ \ \ \
( ( )\___ | '_ | '_| | '_ \/ _` | \ \ \ \
 \\/  ___)| |_)| | | | | || (_| |  ) ) ) )
  '  |____| .__|_| |_|_| |_\__, | / / / /
 =========|_|==============|___/=/_/_/_/
 :: Spring Boot ::                (v3.1.0)

2024-01-01T22:39:12.554+09:00  INFO 40216 --- [    Test worker] o.studyalone.service.ArticleServiceTest  : Starting ArticleServiceTest using Java 17.0.6 with PID 40216 (started by simjuheun in /Users/simjuheun/Desktop/springboot3-2/springboot3.2)
2024-01-01T22:39:12.560+09:00  INFO 40216 --- [    Test worker] o.studyalone.service.ArticleServiceTest  : No active profile set, falling back to 1 default profile: "default"
2024-01-01T22:39:13.759+09:00  INFO 40216 --- [    Test worker] .s.d.r.c.RepositoryConfigurationDelegate : Bootstrapping Spring Data JPA repositories in DEFAULT mode.
2024-01-01T22:39:13.871+09:00  INFO 40216 --- [    Test worker] .s.d.r.c.RepositoryConfigurationDelegate : Finished Spring Data repository scanning in 96 ms. Found 2 JPA repository interfaces.
2024-01-01T22:39:14.553+09:00  INFO 40216 --- [    Test worker] com.zaxxer.hikari.HikariDataSource       : HikariPool-1 - Starting...
2024-01-01T22:39:14.860+09:00  INFO 40216 --- [    Test worker] com.zaxxer.hikari.pool.HikariPool        : HikariPool-1 - Added connection conn0: url=jdbc:h2:mem:testdb user=SA
2024-01-01T22:39:14.864+09:00  INFO 40216 --- [    Test worker] com.zaxxer.hikari.HikariDataSource       : HikariPool-1 - Start completed.
2024-01-01T22:39:14.958+09:00  INFO 40216 --- [    Test worker] o.hibernate.jpa.internal.util.LogHelper  : HHH000204: Processing PersistenceUnitInfo [name: default]
2024-01-01T22:39:15.082+09:00  INFO 40216 --- [    Test worker] org.hibernate.Version                    : HHH000412: Hibernate ORM core version 6.2.2.Final
2024-01-01T22:39:15.087+09:00  INFO 40216 --- [    Test worker] org.hibernate.cfg.Environment            : HHH000406: Using bytecode reflection optimizer
2024-01-01T22:39:15.435+09:00  INFO 40216 --- [    Test worker] o.h.b.i.BytecodeProviderInitiator        : HHH000021: Bytecode provider name : bytebuddy
2024-01-01T22:39:15.689+09:00  INFO 40216 --- [    Test worker] o.s.o.j.p.SpringPersistenceUnitInfo      : No LoadTimeWeaver setup: ignoring JPA class transformer
2024-01-01T22:39:15.763+09:00  INFO 40216 --- [    Test worker] org.hibernate.orm.dialect                : HHH035001: Using dialect: org.hibernate.dialect.H2Dialect, version: 2.1.214
2024-01-01T22:39:16.107+09:00  INFO 40216 --- [    Test worker] o.h.b.i.BytecodeProviderInitiator        : HHH000021: Bytecode provider name : bytebuddy
2024-01-01T22:39:17.164+09:00  INFO 40216 --- [    Test worker] o.h.e.t.j.p.i.JtaPlatformInitiator       : HHH000490: Using JtaPlatform implementation: [org.hibernate.engine.transaction.jta.platform.internal.NoJtaPlatform]
2024-01-01T22:39:17.191+09:00 DEBUG 40216 --- [    Test worker] org.hibernate.SQL                        : 
    drop table if exists article cascade 
2024-01-01T22:39:17.200+09:00 DEBUG 40216 --- [    Test worker] org.hibernate.SQL                        : 
    drop table if exists count cascade 
2024-01-01T22:39:17.217+09:00 DEBUG 40216 --- [    Test worker] org.hibernate.SQL                        : 
    create table article (
        id bigint generated by default as identity,
        content varchar(255),
        title varchar(255),
        primary key (id)
    )
2024-01-01T22:39:17.249+09:00 DEBUG 40216 --- [    Test worker] org.hibernate.SQL                        : 
    create table count (
        num integer not null,
        id bigint generated by default as identity,
        primary key (id)
    )
2024-01-01T22:39:17.263+09:00  INFO 40216 --- [    Test worker] o.h.t.s.i.e.GenerationTargetToDatabase   : HHH000476: Executing script '[injected ScriptSourceInputNonExistentImpl script]'
2024-01-01T22:39:17.268+09:00  INFO 40216 --- [    Test worker] j.LocalContainerEntityManagerFactoryBean : Initialized JPA EntityManagerFactory for persistence unit 'default'
2024-01-01T22:39:18.299+09:00  WARN 40216 --- [    Test worker] JpaBaseConfiguration$JpaWebConfiguration : spring.jpa.open-in-view is enabled by default. Therefore, database queries may be performed during view rendering. Explicitly configure spring.jpa.open-in-view to disable this warning
2024-01-01T22:39:18.622+09:00  INFO 40216 --- [    Test worker] o.s.b.a.w.s.WelcomePageHandlerMapping    : Adding welcome page template: index
2024-01-01T22:39:18.906+09:00  INFO 40216 --- [    Test worker] o.s.b.a.h2.H2ConsoleAutoConfiguration    : H2 console available at '/h2-console'. Database available at 'jdbc:h2:mem:testdb'
2024-01-01T22:39:19.027+09:00  INFO 40216 --- [    Test worker] o.studyalone.service.ArticleServiceTest  : Started ArticleServiceTest in 6.971 seconds (process running for 9.459)
2024-01-01T22:39:19.979+09:00 DEBUG 40216 --- [    Test worker] org.hibernate.SQL                        : 
    select
        a1_0.id,
        a1_0.content,
        a1_0.title 
    from
        article a1_0 
    where
        a1_0.id=?
2024-01-01T22:39:20.196+09:00 DEBUG 40216 --- [    Test worker] org.hibernate.SQL                        : 
    select
        a1_0.id,
        a1_0.content,
        a1_0.title 
    from
        article a1_0
2024-01-01T22:39:20.223+09:00 DEBUG 40216 --- [    Test worker] org.hibernate.SQL                        : 
    select
        a1_0.id,
        a1_0.content,
        a1_0.title 
    from
        article a1_0 
    where
        a1_0.id=?
2024-01-01T22:39:20.273+09:00 DEBUG 40216 --- [    Test worker] org.hibernate.SQL                        : 
    insert 
    into
        article
        (content,title,id) 
    values
        (?,?,default)
]]></system-out>
  <system-err><![CDATA[]]></system-err>
</testsuite>
